<?xml version="1.0" encoding="UTF-8"?>
<!-- Generated by org.testng.reporters.JUnitReportReporter -->
<testsuite hostname="ojt29-PC" name="DriverFactory.AppTest" tests="1" failures="0" timestamp="23 Dec 2019 04:44:28 GMT" time="2.707" errors="0">
  <testcase name="startTest" time="2.707" classname="DriverFactory.AppTest"/>
</testsuite> <!-- DriverFactory.AppTest -->
